<?xml version="1.0" encoding="UTF-8"?>
<!-- Generated by org.testng.reporters.JUnitReportReporter -->
<testsuite skipped="0" hostname="INGUEUCLP000666" name="com.w2a.rough.Test12" tests="2" failures="0" timestamp="17 Sep 2019 19:24:04 GMT" time="0.018" errors="0">
  <testcase name="ExecuteTest" time="0.002" classname="com.w2a.rough.Test12"/>
  <testcase name="ExecuteTest" time="0.016" classname="com.w2a.rough.Test12"/>
</testsuite> <!-- com.w2a.rough.Test12 -->
