<?xml version="1.0" encoding="UTF-8"?>
<!-- Generated by org.testng.reporters.JUnitReportReporter -->
<testsuite skipped="0" hostname="INGUEUCLP000666" name="com.w2a.rough.NewLoginTest" tests="2" failures="0" timestamp="17 Sep 2019 12:50:41 GMT" time="0.017" errors="0">
  <testcase name="DoLogin" time="0.002" classname="com.w2a.rough.NewLoginTest"/>
  <testcase name="DoLogin" time="0.015" classname="com.w2a.rough.NewLoginTest"/>
</testsuite> <!-- com.w2a.rough.NewLoginTest -->
