<?xml version="1.0" encoding="UTF-8"?>
<!-- Generated by org.testng.reporters.JUnitReportReporter -->
<testsuite skipped="0" hostname="INGUEUCLP000666" name="com.w2a.rough.Hashtabel" tests="4" failures="0" timestamp="17 Sep 2019 11:19:49 GMT" time="0.069" errors="0">
  <testcase name="ExcelData" time="0.002" classname="com.w2a.rough.Hashtabel"/>
  <testcase name="ExcelData" time="0.001" classname="com.w2a.rough.Hashtabel"/>
  <testcase name="ExcelData" time="0.002" classname="com.w2a.rough.Hashtabel"/>
  <testcase name="ExcelData" time="0.064" classname="com.w2a.rough.Hashtabel"/>
</testsuite> <!-- com.w2a.rough.Hashtabel -->
