<?xml version="1.0" encoding="UTF-8"?>
<!-- Generated by org.testng.reporters.JUnitReportReporter -->
<testsuite skipped="0" hostname="INGUEUCLP000666" name="com.w2a.rough.DataProviderTest" tests="3" failures="0" timestamp="17 Sep 2019 10:13:33 GMT" time="0.019" errors="0">
  <testcase name="DoLogin" time="0.004" classname="com.w2a.rough.DataProviderTest"/>
  <testcase name="DoLogin" time="0.011" classname="com.w2a.rough.DataProviderTest"/>
  <testcase name="DoLogin" time="0.004" classname="com.w2a.rough.DataProviderTest"/>
</testsuite> <!-- com.w2a.rough.DataProviderTest -->
